versions pytest-5.3.2, py-1.8.1, python-3.7.5.final.0
cwd=/Users/jocastillo/Documents/development/ansible/ansible-role-postgresql/molecule/default
args=('--connection=ansible', '--ansible-inventory=/Users/jocastillo/.cache/molecule/ansible-role-postgresql/default/inventory/ansible_inventory.yml', '-p', 'no:cacheprovider', '--debug', '/Users/jocastillo/Documents/development/ansible/ansible-role-postgresql/molecule/default/../resources/tests/test_default.py', '-vvv')

  pytest_cmdline_main [hook]
      config: <_pytest.config.Config object at 0x10f898610>
    pytest_plugin_registered [hook]
        plugin: <Session molecule exitstatus='<UNSET>' testsfailed=0 testscollected=0>
        manager: <_pytest.config.PytestPluginManager object at 0x10f799910>
    finish pytest_plugin_registered --> [] [hook]
    pytest_configure [hook]
        config: <_pytest.config.Config object at 0x10f898610>
    early skip of rewriting module: faulthandler [assertion]
    early skip of rewriting module: pdb [assertion]
    early skip of rewriting module: cmd [assertion]
    early skip of rewriting module: code [assertion]
    early skip of rewriting module: codeop [assertion]
      pytest_plugin_registered [hook]
          plugin: <_pytest.config.PytestPluginManager object at 0x10f799910>
          manager: <_pytest.config.PytestPluginManager object at 0x10f799910>
      finish pytest_plugin_registered --> [] [hook]
      pytest_plugin_registered [hook]
          plugin: <_pytest.config.Config object at 0x10f898610>
          manager: <_pytest.config.PytestPluginManager object at 0x10f799910>
      finish pytest_plugin_registered --> [] [hook]
      pytest_plugin_registered [hook]
          plugin: <module '_pytest.mark' from '/Users/jocastillo/.local/share/virtualenvs/ansible-role-postgresql-0v-jNzYO/lib/python3.7/site-packages/_pytest/mark/__init__.py'>
          manager: <_pytest.config.PytestPluginManager object at 0x10f799910>
      finish pytest_plugin_registered --> [] [hook]
      pytest_plugin_registered [hook]
          plugin: <module '_pytest.main' from '/Users/jocastillo/.local/share/virtualenvs/ansible-role-postgresql-0v-jNzYO/lib/python3.7/site-packages/_pytest/main.py'>
          manager: <_pytest.config.PytestPluginManager object at 0x10f799910>
      finish pytest_plugin_registered --> [] [hook]
      pytest_plugin_registered [hook]
          plugin: <module '_pytest.runner' from '/Users/jocastillo/.local/share/virtualenvs/ansible-role-postgresql-0v-jNzYO/lib/python3.7/site-packages/_pytest/runner.py'>
          manager: <_pytest.config.PytestPluginManager object at 0x10f799910>
      finish pytest_plugin_registered --> [] [hook]
      pytest_plugin_registered [hook]
          plugin: <module '_pytest.fixtures' from '/Users/jocastillo/.local/share/virtualenvs/ansible-role-postgresql-0v-jNzYO/lib/python3.7/site-packages/_pytest/fixtures.py'>
          manager: <_pytest.config.PytestPluginManager object at 0x10f799910>
      finish pytest_plugin_registered --> [] [hook]
      pytest_plugin_registered [hook]
          plugin: <module '_pytest.helpconfig' from '/Users/jocastillo/.local/share/virtualenvs/ansible-role-postgresql-0v-jNzYO/lib/python3.7/site-packages/_pytest/helpconfig.py'>
          manager: <_pytest.config.PytestPluginManager object at 0x10f799910>
      finish pytest_plugin_registered --> [] [hook]
      pytest_plugin_registered [hook]
          plugin: <module '_pytest.python' from '/Users/jocastillo/.local/share/virtualenvs/ansible-role-postgresql-0v-jNzYO/lib/python3.7/site-packages/_pytest/python.py'>
          manager: <_pytest.config.PytestPluginManager object at 0x10f799910>
      finish pytest_plugin_registered --> [] [hook]
      pytest_plugin_registered [hook]
          plugin: <module '_pytest.terminal' from '/Users/jocastillo/.local/share/virtualenvs/ansible-role-postgresql-0v-jNzYO/lib/python3.7/site-packages/_pytest/terminal.py'>
          manager: <_pytest.config.PytestPluginManager object at 0x10f799910>
      finish pytest_plugin_registered --> [] [hook]
      pytest_plugin_registered [hook]
          plugin: <module '_pytest.debugging' from '/Users/jocastillo/.local/share/virtualenvs/ansible-role-postgresql-0v-jNzYO/lib/python3.7/site-packages/_pytest/debugging.py'>
          manager: <_pytest.config.PytestPluginManager object at 0x10f799910>
      finish pytest_plugin_registered --> [] [hook]
      pytest_plugin_registered [hook]
          plugin: <module '_pytest.unittest' from '/Users/jocastillo/.local/share/virtualenvs/ansible-role-postgresql-0v-jNzYO/lib/python3.7/site-packages/_pytest/unittest.py'>
          manager: <_pytest.config.PytestPluginManager object at 0x10f799910>
      finish pytest_plugin_registered --> [] [hook]
      pytest_plugin_registered [hook]
          plugin: <module '_pytest.capture' from '/Users/jocastillo/.local/share/virtualenvs/ansible-role-postgresql-0v-jNzYO/lib/python3.7/site-packages/_pytest/capture.py'>
          manager: <_pytest.config.PytestPluginManager object at 0x10f799910>
      finish pytest_plugin_registered --> [] [hook]
      pytest_plugin_registered [hook]
          plugin: <module '_pytest.skipping' from '/Users/jocastillo/.local/share/virtualenvs/ansible-role-postgresql-0v-jNzYO/lib/python3.7/site-packages/_pytest/skipping.py'>
          manager: <_pytest.config.PytestPluginManager object at 0x10f799910>
      finish pytest_plugin_registered --> [] [hook]
      pytest_plugin_registered [hook]
          plugin: <module '_pytest.tmpdir' from '/Users/jocastillo/.local/share/virtualenvs/ansible-role-postgresql-0v-jNzYO/lib/python3.7/site-packages/_pytest/tmpdir.py'>
          manager: <_pytest.config.PytestPluginManager object at 0x10f799910>
      finish pytest_plugin_registered --> [] [hook]
      pytest_plugin_registered [hook]
          plugin: <module '_pytest.monkeypatch' from '/Users/jocastillo/.local/share/virtualenvs/ansible-role-postgresql-0v-jNzYO/lib/python3.7/site-packages/_pytest/monkeypatch.py'>
          manager: <_pytest.config.PytestPluginManager object at 0x10f799910>
      finish pytest_plugin_registered --> [] [hook]
      pytest_plugin_registered [hook]
          plugin: <module '_pytest.recwarn' from '/Users/jocastillo/.local/share/virtualenvs/ansible-role-postgresql-0v-jNzYO/lib/python3.7/site-packages/_pytest/recwarn.py'>
          manager: <_pytest.config.PytestPluginManager object at 0x10f799910>
      finish pytest_plugin_registered --> [] [hook]
      pytest_plugin_registered [hook]
          plugin: <module '_pytest.pastebin' from '/Users/jocastillo/.local/share/virtualenvs/ansible-role-postgresql-0v-jNzYO/lib/python3.7/site-packages/_pytest/pastebin.py'>
          manager: <_pytest.config.PytestPluginManager object at 0x10f799910>
      finish pytest_plugin_registered --> [] [hook]
      pytest_plugin_registered [hook]
          plugin: <module '_pytest.nose' from '/Users/jocastillo/.local/share/virtualenvs/ansible-role-postgresql-0v-jNzYO/lib/python3.7/site-packages/_pytest/nose.py'>
          manager: <_pytest.config.PytestPluginManager object at 0x10f799910>
      finish pytest_plugin_registered --> [] [hook]
      pytest_plugin_registered [hook]
          plugin: <module '_pytest.assertion' from '/Users/jocastillo/.local/share/virtualenvs/ansible-role-postgresql-0v-jNzYO/lib/python3.7/site-packages/_pytest/assertion/__init__.py'>
          manager: <_pytest.config.PytestPluginManager object at 0x10f799910>
      finish pytest_plugin_registered --> [] [hook]
      pytest_plugin_registered [hook]
          plugin: <module '_pytest.junitxml' from '/Users/jocastillo/.local/share/virtualenvs/ansible-role-postgresql-0v-jNzYO/lib/python3.7/site-packages/_pytest/junitxml.py'>
          manager: <_pytest.config.PytestPluginManager object at 0x10f799910>
      finish pytest_plugin_registered --> [] [hook]
      pytest_plugin_registered [hook]
          plugin: <module '_pytest.resultlog' from '/Users/jocastillo/.local/share/virtualenvs/ansible-role-postgresql-0v-jNzYO/lib/python3.7/site-packages/_pytest/resultlog.py'>
          manager: <_pytest.config.PytestPluginManager object at 0x10f799910>
      finish pytest_plugin_registered --> [] [hook]
      pytest_plugin_registered [hook]
          plugin: <module '_pytest.doctest' from '/Users/jocastillo/.local/share/virtualenvs/ansible-role-postgresql-0v-jNzYO/lib/python3.7/site-packages/_pytest/doctest.py'>
          manager: <_pytest.config.PytestPluginManager object at 0x10f799910>
      finish pytest_plugin_registered --> [] [hook]
      pytest_plugin_registered [hook]
          plugin: <module '_pytest.freeze_support' from '/Users/jocastillo/.local/share/virtualenvs/ansible-role-postgresql-0v-jNzYO/lib/python3.7/site-packages/_pytest/freeze_support.py'>
          manager: <_pytest.config.PytestPluginManager object at 0x10f799910>
      finish pytest_plugin_registered --> [] [hook]
      pytest_plugin_registered [hook]
          plugin: <module '_pytest.setuponly' from '/Users/jocastillo/.local/share/virtualenvs/ansible-role-postgresql-0v-jNzYO/lib/python3.7/site-packages/_pytest/setuponly.py'>
          manager: <_pytest.config.PytestPluginManager object at 0x10f799910>
      finish pytest_plugin_registered --> [] [hook]
      pytest_plugin_registered [hook]
          plugin: <module '_pytest.setupplan' from '/Users/jocastillo/.local/share/virtualenvs/ansible-role-postgresql-0v-jNzYO/lib/python3.7/site-packages/_pytest/setupplan.py'>
          manager: <_pytest.config.PytestPluginManager object at 0x10f799910>
      finish pytest_plugin_registered --> [] [hook]
      pytest_plugin_registered [hook]
          plugin: <module '_pytest.warnings' from '/Users/jocastillo/.local/share/virtualenvs/ansible-role-postgresql-0v-jNzYO/lib/python3.7/site-packages/_pytest/warnings.py'>
          manager: <_pytest.config.PytestPluginManager object at 0x10f799910>
      finish pytest_plugin_registered --> [] [hook]
      pytest_plugin_registered [hook]
          plugin: <module '_pytest.logging' from '/Users/jocastillo/.local/share/virtualenvs/ansible-role-postgresql-0v-jNzYO/lib/python3.7/site-packages/_pytest/logging.py'>
          manager: <_pytest.config.PytestPluginManager object at 0x10f799910>
      finish pytest_plugin_registered --> [] [hook]
      pytest_plugin_registered [hook]
          plugin: <module '_pytest.reports' from '/Users/jocastillo/.local/share/virtualenvs/ansible-role-postgresql-0v-jNzYO/lib/python3.7/site-packages/_pytest/reports.py'>
          manager: <_pytest.config.PytestPluginManager object at 0x10f799910>
      finish pytest_plugin_registered --> [] [hook]
      pytest_plugin_registered [hook]
          plugin: <module '_pytest.faulthandler' from '/Users/jocastillo/.local/share/virtualenvs/ansible-role-postgresql-0v-jNzYO/lib/python3.7/site-packages/_pytest/faulthandler.py'>
          manager: <_pytest.config.PytestPluginManager object at 0x10f799910>
      finish pytest_plugin_registered --> [] [hook]
      pytest_plugin_registered [hook]
          plugin: <module 'testinfra.plugin' from '/Users/jocastillo/.local/share/virtualenvs/ansible-role-postgresql-0v-jNzYO/lib/python3.7/site-packages/testinfra/plugin.py'>
          manager: <_pytest.config.PytestPluginManager object at 0x10f799910>
      finish pytest_plugin_registered --> [] [hook]
      pytest_plugin_registered [hook]
          plugin: <CaptureManager _method='fd' _global_capturing=<MultiCapture out=<FDCapture 1 oldfd=5 _state='suspended'> err=<FDCapture 2 oldfd=6 _state='suspended'> in_=<FDCapture 0 oldfd=3 _state='started'> _state='suspended' _in_suspended='<UNSET>'> _current_item=None>
          manager: <_pytest.config.PytestPluginManager object at 0x10f799910>
      finish pytest_plugin_registered --> [] [hook]
      pytest_plugin_registered [hook]
          plugin: <Session molecule exitstatus=<ExitCode.OK: 0> testsfailed=0 testscollected=0>
          manager: <_pytest.config.PytestPluginManager object at 0x10f799910>
      finish pytest_plugin_registered --> [] [hook]
      pytest_plugin_registered [hook]
          plugin: <_pytest.terminal.TerminalReporter object at 0x10fbd42d0>
          manager: <_pytest.config.PytestPluginManager object at 0x10f799910>
      finish pytest_plugin_registered --> [] [hook]
      pytest_plugin_registered [hook]
          plugin: <_pytest.logging.LoggingPlugin object at 0x10fbec610>
          manager: <_pytest.config.PytestPluginManager object at 0x10f799910>
      finish pytest_plugin_registered --> [] [hook]
    finish pytest_configure --> [] [hook]
    pytest_sessionstart [hook]
        session: <Session molecule exitstatus=<ExitCode.OK: 0> testsfailed=0 testscollected=0>
      pytest_plugin_registered [hook]
          plugin: <_pytest.config.PytestPluginManager object at 0x10f799910>
          manager: <_pytest.config.PytestPluginManager object at 0x10f799910>
      finish pytest_plugin_registered --> [] [hook]
      pytest_plugin_registered [hook]
          plugin: <_pytest.config.Config object at 0x10f898610>
          manager: <_pytest.config.PytestPluginManager object at 0x10f799910>
      finish pytest_plugin_registered --> [] [hook]
      pytest_plugin_registered [hook]
          plugin: <module '_pytest.mark' from '/Users/jocastillo/.local/share/virtualenvs/ansible-role-postgresql-0v-jNzYO/lib/python3.7/site-packages/_pytest/mark/__init__.py'>
          manager: <_pytest.config.PytestPluginManager object at 0x10f799910>
      finish pytest_plugin_registered --> [] [hook]
      pytest_plugin_registered [hook]
          plugin: <module '_pytest.main' from '/Users/jocastillo/.local/share/virtualenvs/ansible-role-postgresql-0v-jNzYO/lib/python3.7/site-packages/_pytest/main.py'>
          manager: <_pytest.config.PytestPluginManager object at 0x10f799910>
      finish pytest_plugin_registered --> [] [hook]
      pytest_plugin_registered [hook]
          plugin: <module '_pytest.runner' from '/Users/jocastillo/.local/share/virtualenvs/ansible-role-postgresql-0v-jNzYO/lib/python3.7/site-packages/_pytest/runner.py'>
          manager: <_pytest.config.PytestPluginManager object at 0x10f799910>
      finish pytest_plugin_registered --> [] [hook]
      pytest_plugin_registered [hook]
          plugin: <module '_pytest.fixtures' from '/Users/jocastillo/.local/share/virtualenvs/ansible-role-postgresql-0v-jNzYO/lib/python3.7/site-packages/_pytest/fixtures.py'>
          manager: <_pytest.config.PytestPluginManager object at 0x10f799910>
      finish pytest_plugin_registered --> [] [hook]
      pytest_plugin_registered [hook]
          plugin: <module '_pytest.helpconfig' from '/Users/jocastillo/.local/share/virtualenvs/ansible-role-postgresql-0v-jNzYO/lib/python3.7/site-packages/_pytest/helpconfig.py'>
          manager: <_pytest.config.PytestPluginManager object at 0x10f799910>
      finish pytest_plugin_registered --> [] [hook]
      pytest_plugin_registered [hook]
          plugin: <module '_pytest.python' from '/Users/jocastillo/.local/share/virtualenvs/ansible-role-postgresql-0v-jNzYO/lib/python3.7/site-packages/_pytest/python.py'>
          manager: <_pytest.config.PytestPluginManager object at 0x10f799910>
      finish pytest_plugin_registered --> [] [hook]
      pytest_plugin_registered [hook]
          plugin: <module '_pytest.terminal' from '/Users/jocastillo/.local/share/virtualenvs/ansible-role-postgresql-0v-jNzYO/lib/python3.7/site-packages/_pytest/terminal.py'>
          manager: <_pytest.config.PytestPluginManager object at 0x10f799910>
      finish pytest_plugin_registered --> [] [hook]
      pytest_plugin_registered [hook]
          plugin: <module '_pytest.debugging' from '/Users/jocastillo/.local/share/virtualenvs/ansible-role-postgresql-0v-jNzYO/lib/python3.7/site-packages/_pytest/debugging.py'>
          manager: <_pytest.config.PytestPluginManager object at 0x10f799910>
      finish pytest_plugin_registered --> [] [hook]
      pytest_plugin_registered [hook]
          plugin: <module '_pytest.unittest' from '/Users/jocastillo/.local/share/virtualenvs/ansible-role-postgresql-0v-jNzYO/lib/python3.7/site-packages/_pytest/unittest.py'>
          manager: <_pytest.config.PytestPluginManager object at 0x10f799910>
      finish pytest_plugin_registered --> [] [hook]
      pytest_plugin_registered [hook]
          plugin: <module '_pytest.capture' from '/Users/jocastillo/.local/share/virtualenvs/ansible-role-postgresql-0v-jNzYO/lib/python3.7/site-packages/_pytest/capture.py'>
          manager: <_pytest.config.PytestPluginManager object at 0x10f799910>
      finish pytest_plugin_registered --> [] [hook]
      pytest_plugin_registered [hook]
          plugin: <module '_pytest.skipping' from '/Users/jocastillo/.local/share/virtualenvs/ansible-role-postgresql-0v-jNzYO/lib/python3.7/site-packages/_pytest/skipping.py'>
          manager: <_pytest.config.PytestPluginManager object at 0x10f799910>
      finish pytest_plugin_registered --> [] [hook]
      pytest_plugin_registered [hook]
          plugin: <module '_pytest.tmpdir' from '/Users/jocastillo/.local/share/virtualenvs/ansible-role-postgresql-0v-jNzYO/lib/python3.7/site-packages/_pytest/tmpdir.py'>
          manager: <_pytest.config.PytestPluginManager object at 0x10f799910>
      finish pytest_plugin_registered --> [] [hook]
      pytest_plugin_registered [hook]
          plugin: <module '_pytest.monkeypatch' from '/Users/jocastillo/.local/share/virtualenvs/ansible-role-postgresql-0v-jNzYO/lib/python3.7/site-packages/_pytest/monkeypatch.py'>
          manager: <_pytest.config.PytestPluginManager object at 0x10f799910>
      finish pytest_plugin_registered --> [] [hook]
      pytest_plugin_registered [hook]
          plugin: <module '_pytest.recwarn' from '/Users/jocastillo/.local/share/virtualenvs/ansible-role-postgresql-0v-jNzYO/lib/python3.7/site-packages/_pytest/recwarn.py'>
          manager: <_pytest.config.PytestPluginManager object at 0x10f799910>
      finish pytest_plugin_registered --> [] [hook]
      pytest_plugin_registered [hook]
          plugin: <module '_pytest.pastebin' from '/Users/jocastillo/.local/share/virtualenvs/ansible-role-postgresql-0v-jNzYO/lib/python3.7/site-packages/_pytest/pastebin.py'>
          manager: <_pytest.config.PytestPluginManager object at 0x10f799910>
      finish pytest_plugin_registered --> [] [hook]
      pytest_plugin_registered [hook]
          plugin: <module '_pytest.nose' from '/Users/jocastillo/.local/share/virtualenvs/ansible-role-postgresql-0v-jNzYO/lib/python3.7/site-packages/_pytest/nose.py'>
          manager: <_pytest.config.PytestPluginManager object at 0x10f799910>
      finish pytest_plugin_registered --> [] [hook]
      pytest_plugin_registered [hook]
          plugin: <module '_pytest.assertion' from '/Users/jocastillo/.local/share/virtualenvs/ansible-role-postgresql-0v-jNzYO/lib/python3.7/site-packages/_pytest/assertion/__init__.py'>
          manager: <_pytest.config.PytestPluginManager object at 0x10f799910>
      finish pytest_plugin_registered --> [] [hook]
      pytest_plugin_registered [hook]
          plugin: <module '_pytest.junitxml' from '/Users/jocastillo/.local/share/virtualenvs/ansible-role-postgresql-0v-jNzYO/lib/python3.7/site-packages/_pytest/junitxml.py'>
          manager: <_pytest.config.PytestPluginManager object at 0x10f799910>
      finish pytest_plugin_registered --> [] [hook]
      pytest_plugin_registered [hook]
          plugin: <module '_pytest.resultlog' from '/Users/jocastillo/.local/share/virtualenvs/ansible-role-postgresql-0v-jNzYO/lib/python3.7/site-packages/_pytest/resultlog.py'>
          manager: <_pytest.config.PytestPluginManager object at 0x10f799910>
      finish pytest_plugin_registered --> [] [hook]
      pytest_plugin_registered [hook]
          plugin: <module '_pytest.doctest' from '/Users/jocastillo/.local/share/virtualenvs/ansible-role-postgresql-0v-jNzYO/lib/python3.7/site-packages/_pytest/doctest.py'>
          manager: <_pytest.config.PytestPluginManager object at 0x10f799910>
      finish pytest_plugin_registered --> [] [hook]
      pytest_plugin_registered [hook]
          plugin: <module '_pytest.freeze_support' from '/Users/jocastillo/.local/share/virtualenvs/ansible-role-postgresql-0v-jNzYO/lib/python3.7/site-packages/_pytest/freeze_support.py'>
          manager: <_pytest.config.PytestPluginManager object at 0x10f799910>
      finish pytest_plugin_registered --> [] [hook]
      pytest_plugin_registered [hook]
          plugin: <module '_pytest.setuponly' from '/Users/jocastillo/.local/share/virtualenvs/ansible-role-postgresql-0v-jNzYO/lib/python3.7/site-packages/_pytest/setuponly.py'>
          manager: <_pytest.config.PytestPluginManager object at 0x10f799910>
      finish pytest_plugin_registered --> [] [hook]
      pytest_plugin_registered [hook]
          plugin: <module '_pytest.setupplan' from '/Users/jocastillo/.local/share/virtualenvs/ansible-role-postgresql-0v-jNzYO/lib/python3.7/site-packages/_pytest/setupplan.py'>
          manager: <_pytest.config.PytestPluginManager object at 0x10f799910>
      finish pytest_plugin_registered --> [] [hook]
      pytest_plugin_registered [hook]
          plugin: <module '_pytest.warnings' from '/Users/jocastillo/.local/share/virtualenvs/ansible-role-postgresql-0v-jNzYO/lib/python3.7/site-packages/_pytest/warnings.py'>
          manager: <_pytest.config.PytestPluginManager object at 0x10f799910>
      finish pytest_plugin_registered --> [] [hook]
      pytest_plugin_registered [hook]
          plugin: <module '_pytest.logging' from '/Users/jocastillo/.local/share/virtualenvs/ansible-role-postgresql-0v-jNzYO/lib/python3.7/site-packages/_pytest/logging.py'>
          manager: <_pytest.config.PytestPluginManager object at 0x10f799910>
      finish pytest_plugin_registered --> [] [hook]
      pytest_plugin_registered [hook]
          plugin: <module '_pytest.reports' from '/Users/jocastillo/.local/share/virtualenvs/ansible-role-postgresql-0v-jNzYO/lib/python3.7/site-packages/_pytest/reports.py'>
          manager: <_pytest.config.PytestPluginManager object at 0x10f799910>
      finish pytest_plugin_registered --> [] [hook]
      pytest_plugin_registered [hook]
          plugin: <module '_pytest.faulthandler' from '/Users/jocastillo/.local/share/virtualenvs/ansible-role-postgresql-0v-jNzYO/lib/python3.7/site-packages/_pytest/faulthandler.py'>
          manager: <_pytest.config.PytestPluginManager object at 0x10f799910>
      finish pytest_plugin_registered --> [] [hook]
      pytest_plugin_registered [hook]
          plugin: <module 'testinfra.plugin' from '/Users/jocastillo/.local/share/virtualenvs/ansible-role-postgresql-0v-jNzYO/lib/python3.7/site-packages/testinfra/plugin.py'>
          manager: <_pytest.config.PytestPluginManager object at 0x10f799910>
      finish pytest_plugin_registered --> [] [hook]
      pytest_plugin_registered [hook]
          plugin: <CaptureManager _method='fd' _global_capturing=<MultiCapture out=<FDCapture 1 oldfd=5 _state='suspended'> err=<FDCapture 2 oldfd=6 _state='suspended'> in_=<FDCapture 0 oldfd=3 _state='started'> _state='suspended' _in_suspended='<UNSET>'> _current_item=None>
          manager: <_pytest.config.PytestPluginManager object at 0x10f799910>
      finish pytest_plugin_registered --> [] [hook]
      pytest_plugin_registered [hook]
          plugin: <Session molecule exitstatus=<ExitCode.OK: 0> testsfailed=0 testscollected=0>
          manager: <_pytest.config.PytestPluginManager object at 0x10f799910>
      finish pytest_plugin_registered --> [] [hook]
      pytest_plugin_registered [hook]
          plugin: <_pytest.terminal.TerminalReporter object at 0x10fbd42d0>
          manager: <_pytest.config.PytestPluginManager object at 0x10f799910>
      finish pytest_plugin_registered --> [] [hook]
      pytest_plugin_registered [hook]
          plugin: <_pytest.logging.LoggingPlugin object at 0x10fbec610>
          manager: <_pytest.config.PytestPluginManager object at 0x10f799910>
      finish pytest_plugin_registered --> [] [hook]
      pytest_plugin_registered [hook]
          plugin: <_pytest.fixtures.FixtureManager object at 0x10fa37d10>
          manager: <_pytest.config.PytestPluginManager object at 0x10f799910>
      finish pytest_plugin_registered --> [] [hook]
      pytest_report_header [hook]
          config: <_pytest.config.Config object at 0x10f898610>
          startdir: /Users/jocastillo/Documents/development/ansible/ansible-role-postgresql/molecule/default
      finish pytest_report_header --> [['rootdir: /Users/jocastillo/Documents/development/ansible/ansible-role-postgresql/molecule', 'plugins: testinfra-3.3.0'], ['using: pytest-5.3.2 pylib-1.8.1', 'setuptools registered plugins:', '  testinfra-3.3.0 at /Users/jocastillo/.local/share/virtualenvs/ansible-role-postgresql-0v-jNzYO/lib/python3.7/site-packages/testinfra/plugin.py']] [hook]
    finish pytest_sessionstart --> [] [hook]
    pytest_collection [hook]
        session: <Session molecule exitstatus=<ExitCode.OK: 0> testsfailed=0 testscollected=0>
    perform_collect <Session molecule exitstatus=<ExitCode.OK: 0> testsfailed=0 testscollected=0> ['/Users/jocastillo/Documents/development/ansible/ansible-role-postgresql/molecule/default/../resources/tests/test_default.py'] [collection]
        pytest_collectstart [hook]
            collector: <Session molecule exitstatus=<ExitCode.OK: 0> testsfailed=0 testscollected=0>
        finish pytest_collectstart --> [] [hook]
        pytest_make_collect_report [hook]
            collector: <Session molecule exitstatus=<ExitCode.OK: 0> testsfailed=0 testscollected=0>
        processing argument [local('/Users/jocastillo/Documents/development/ansible/ansible-role-postgresql/molecule/resources/tests/test_default.py')] [collection]
            pytest_collect_file [hook]
                path: /Users/jocastillo/Documents/development/ansible/ansible-role-postgresql/molecule/resources/tests/test_default.py
                parent: <Session molecule exitstatus=<ExitCode.OK: 0> testsfailed=0 testscollected=0>
              pytest_pycollect_makemodule [hook]
                  path: /Users/jocastillo/Documents/development/ansible/ansible-role-postgresql/molecule/resources/tests/test_default.py
                  parent: <Session molecule exitstatus=<ExitCode.OK: 0> testsfailed=0 testscollected=0>
              finish pytest_pycollect_makemodule --> <Module resources/tests/test_default.py> [hook]
            finish pytest_collect_file --> [<Module resources/tests/test_default.py>] [hook]
          matchnodes [<Module resources/tests/test_default.py>] [] [collection]
            matchnodes finished ->  1 nodes [collection]
        finish pytest_make_collect_report --> <CollectReport '' lenresult=1 outcome='passed'> [hook]
        pytest_collectreport [hook]
            report: <CollectReport '' lenresult=1 outcome='passed'>
        finish pytest_collectreport --> [] [hook]
    genitems <Module resources/tests/test_default.py> [collection]
      pytest_collectstart [hook]
          collector: <Module resources/tests/test_default.py>
      finish pytest_collectstart --> [] [hook]
      pytest_make_collect_report [hook]
          collector: <Module resources/tests/test_default.py>
      find_module called for: test_default [assertion]
      matched test file (was specified on cmdline): '/Users/jocastillo/Documents/development/ansible/ansible-role-postgresql/molecule/resources/tests/test_default.py' [assertion]
      rewriting PosixPath('/Users/jocastillo/Documents/development/ansible/ansible-role-postgresql/molecule/resources/tests/test_default.py') [assertion]
      matched marked file 'testinfra.utils' (from 'testinfra') [assertion]
      find_module called for: testinfra.utils [assertion]
      rewriting PosixPath('/Users/jocastillo/.local/share/virtualenvs/ansible-role-postgresql-0v-jNzYO/lib/python3.7/site-packages/testinfra/utils/__init__.py') [assertion]
      early skip of rewriting module: ipaddress [assertion]
      matched marked file 'testinfra.utils.ansible_runner' (from 'testinfra') [assertion]
      find_module called for: testinfra.utils.ansible_runner [assertion]
      rewriting PosixPath('/Users/jocastillo/.local/share/virtualenvs/ansible-role-postgresql-0v-jNzYO/lib/python3.7/site-packages/testinfra/utils/ansible_runner.py') [assertion]
      early skip of rewriting module: json [assertion]
      early skip of rewriting module: json.decoder [assertion]
      early skip of rewriting module: json.scanner [assertion]
      early skip of rewriting module: _json [assertion]
      early skip of rewriting module: json.encoder [assertion]
      matched marked file 'testinfra.backend.local' (from 'testinfra') [assertion]
      find_module called for: testinfra.backend.local [assertion]
      rewriting PosixPath('/Users/jocastillo/.local/share/virtualenvs/ansible-role-postgresql-0v-jNzYO/lib/python3.7/site-packages/testinfra/backend/local.py') [assertion]
      matched marked file 'testinfra.backend.base' (from 'testinfra') [assertion]
      find_module called for: testinfra.backend.base [assertion]
      rewriting PosixPath('/Users/jocastillo/.local/share/virtualenvs/ansible-role-postgresql-0v-jNzYO/lib/python3.7/site-packages/testinfra/backend/base.py') [assertion]
      early skip of rewriting module: pipes [assertion]
        pytest_pycollect_makeitem [hook]
            collector: <Module resources/tests/test_default.py>
            name: __name__
            obj: test_default
        finish pytest_pycollect_makeitem --> None [hook]
        pytest_pycollect_makeitem [hook]
            collector: <Module resources/tests/test_default.py>
            name: __doc__
            obj: None
        finish pytest_pycollect_makeitem --> None [hook]
        pytest_pycollect_makeitem [hook]
            collector: <Module resources/tests/test_default.py>
            name: __package__
            obj: 
        finish pytest_pycollect_makeitem --> None [hook]
        pytest_pycollect_makeitem [hook]
            collector: <Module resources/tests/test_default.py>
            name: __loader__
            obj: <_pytest.assertion.rewrite.AssertionRewritingHook object at 0x10fa31f10>
        finish pytest_pycollect_makeitem --> None [hook]
        pytest_pycollect_makeitem [hook]
            collector: <Module resources/tests/test_default.py>
            name: __spec__
            obj: ModuleSpec(name='test_default', loader=<_pytest.assertion.rewrite.AssertionRewritingHook object at 0x10fa31f10>, origin='/Users/jocastillo/Documents/development/ansible/ansible-role-postgresql/molecule/resources/tests/test_default.py')
        finish pytest_pycollect_makeitem --> None [hook]
        pytest_pycollect_makeitem [hook]
            collector: <Module resources/tests/test_default.py>
            name: __file__
            obj: /Users/jocastillo/Documents/development/ansible/ansible-role-postgresql/molecule/resources/tests/test_default.py
        finish pytest_pycollect_makeitem --> None [hook]
        pytest_pycollect_makeitem [hook]
            collector: <Module resources/tests/test_default.py>
            name: __cached__
            obj: /Users/jocastillo/Documents/development/ansible/ansible-role-postgresql/molecule/resources/tests/__pycache__/test_default.cpython-37.pyc
        finish pytest_pycollect_makeitem --> None [hook]
        pytest_pycollect_makeitem [hook]
            collector: <Module resources/tests/test_default.py>
            name: __builtins__
            obj: {'__name__': 'builtins', '__doc__': "Built-in functions, exceptions, and other objects.\n\nNoteworthy: None is the `nil' object; Ellipsis represents `...' in slices.", '__package__': '', '__loader__': <class '_frozen_importlib.BuiltinImporter'>, '__spec__': ModuleSpec(name='builtins', loader=<class '_frozen_importlib.BuiltinImporter'>), '__build_class__': <built-in function __build_class__>, '__import__': <built-in function __import__>, 'abs': <built-in function abs>, 'all': <built-in function all>, 'any': <built-in function any>, 'ascii': <built-in function ascii>, 'bin': <built-in function bin>, 'breakpoint': <built-in function breakpoint>, 'callable': <built-in function callable>, 'chr': <built-in function chr>, 'compile': <built-in function compile>, 'delattr': <built-in function delattr>, 'dir': <built-in function dir>, 'divmod': <built-in function divmod>, 'eval': <built-in function eval>, 'exec': <built-in function exec>, 'format': <built-in function format>, 'getattr': <built-in function getattr>, 'globals': <built-in function globals>, 'hasattr': <built-in function hasattr>, 'hash': <built-in function hash>, 'hex': <built-in function hex>, 'id': <built-in function id>, 'input': <built-in function input>, 'isinstance': <built-in function isinstance>, 'issubclass': <built-in function issubclass>, 'iter': <built-in function iter>, 'len': <built-in function len>, 'locals': <built-in function locals>, 'max': <built-in function max>, 'min': <built-in function min>, 'next': <built-in function next>, 'oct': <built-in function oct>, 'ord': <built-in function ord>, 'pow': <built-in function pow>, 'print': <built-in function print>, 'repr': <built-in function repr>, 'round': <built-in function round>, 'setattr': <built-in function setattr>, 'sorted': <built-in function sorted>, 'sum': <built-in function sum>, 'vars': <built-in function vars>, 'None': None, 'Ellipsis': Ellipsis, 'NotImplemented': NotImplemented, 'False': False, 'True': True, 'bool': <class 'bool'>, 'memoryview': <class 'memoryview'>, 'bytearray': <class 'bytearray'>, 'bytes': <class 'bytes'>, 'classmethod': <class 'classmethod'>, 'complex': <class 'complex'>, 'dict': <class 'dict'>, 'enumerate': <class 'enumerate'>, 'filter': <class 'filter'>, 'float': <class 'float'>, 'frozenset': <class 'frozenset'>, 'property': <class 'property'>, 'int': <class 'int'>, 'list': <class 'list'>, 'map': <class 'map'>, 'object': <class 'object'>, 'range': <class 'range'>, 'reversed': <class 'reversed'>, 'set': <class 'set'>, 'slice': <class 'slice'>, 'staticmethod': <class 'staticmethod'>, 'str': <class 'str'>, 'super': <class 'super'>, 'tuple': <class 'tuple'>, 'type': <class 'type'>, 'zip': <class 'zip'>, '__debug__': True, 'BaseException': <class 'BaseException'>, 'Exception': <class 'Exception'>, 'TypeError': <class 'TypeError'>, 'StopAsyncIteration': <class 'StopAsyncIteration'>, 'StopIteration': <class 'StopIteration'>, 'GeneratorExit': <class 'GeneratorExit'>, 'SystemExit': <class 'SystemExit'>, 'KeyboardInterrupt': <class 'KeyboardInterrupt'>, 'ImportError': <class 'ImportError'>, 'ModuleNotFoundError': <class 'ModuleNotFoundError'>, 'OSError': <class 'OSError'>, 'EnvironmentError': <class 'OSError'>, 'IOError': <class 'OSError'>, 'EOFError': <class 'EOFError'>, 'RuntimeError': <class 'RuntimeError'>, 'RecursionError': <class 'RecursionError'>, 'NotImplementedError': <class 'NotImplementedError'>, 'NameError': <class 'NameError'>, 'UnboundLocalError': <class 'UnboundLocalError'>, 'AttributeError': <class 'AttributeError'>, 'SyntaxError': <class 'SyntaxError'>, 'IndentationError': <class 'IndentationError'>, 'TabError': <class 'TabError'>, 'LookupError': <class 'LookupError'>, 'IndexError': <class 'IndexError'>, 'KeyError': <class 'KeyError'>, 'ValueError': <class 'ValueError'>, 'UnicodeError': <class 'UnicodeError'>, 'UnicodeEncodeError': <class 'UnicodeEncodeError'>, 'UnicodeDecodeError': <class 'UnicodeDecodeError'>, 'UnicodeTranslateError': <class 'UnicodeTranslateError'>, 'AssertionError': <class 'AssertionError'>, 'ArithmeticError': <class 'ArithmeticError'>, 'FloatingPointError': <class 'FloatingPointError'>, 'OverflowError': <class 'OverflowError'>, 'ZeroDivisionError': <class 'ZeroDivisionError'>, 'SystemError': <class 'SystemError'>, 'ReferenceError': <class 'ReferenceError'>, 'MemoryError': <class 'MemoryError'>, 'BufferError': <class 'BufferError'>, 'Warning': <class 'Warning'>, 'UserWarning': <class 'UserWarning'>, 'DeprecationWarning': <class 'DeprecationWarning'>, 'PendingDeprecationWarning': <class 'PendingDeprecationWarning'>, 'SyntaxWarning': <class 'SyntaxWarning'>, 'RuntimeWarning': <class 'RuntimeWarning'>, 'FutureWarning': <class 'FutureWarning'>, 'ImportWarning': <class 'ImportWarning'>, 'UnicodeWarning': <class 'UnicodeWarning'>, 'BytesWarning': <class 'BytesWarning'>, 'ResourceWarning': <class 'ResourceWarning'>, 'ConnectionError': <class 'ConnectionError'>, 'BlockingIOError': <class 'BlockingIOError'>, 'BrokenPipeError': <class 'BrokenPipeError'>, 'ChildProcessError': <class 'ChildProcessError'>, 'ConnectionAbortedError': <class 'ConnectionAbortedError'>, 'ConnectionRefusedError': <class 'ConnectionRefusedError'>, 'ConnectionResetError': <class 'ConnectionResetError'>, 'FileExistsError': <class 'FileExistsError'>, 'FileNotFoundError': <class 'FileNotFoundError'>, 'IsADirectoryError': <class 'IsADirectoryError'>, 'NotADirectoryError': <class 'NotADirectoryError'>, 'InterruptedError': <class 'InterruptedError'>, 'PermissionError': <class 'PermissionError'>, 'ProcessLookupError': <class 'ProcessLookupError'>, 'TimeoutError': <class 'TimeoutError'>, 'open': <built-in function open>, 'quit': Use quit() or Ctrl-D (i.e. EOF) to exit, 'exit': Use exit() or Ctrl-D (i.e. EOF) to exit, 'copyright': Copyright (c) 2001-2019 Python Software Foundation.
All Rights Reserved.

Copyright (c) 2000 BeOpen.com.
All Rights Reserved.

Copyright (c) 1995-2001 Corporation for National Research Initiatives.
All Rights Reserved.

Copyright (c) 1991-1995 Stichting Mathematisch Centrum, Amsterdam.
All Rights Reserved., 'credits':     Thanks to CWI, CNRI, BeOpen.com, Zope Corporation and a cast of thousands
    for supporting Python development.  See www.python.org for more information., 'license': Type license() to see the full license text, 'help': Type help() for interactive help, or help(object) for help about object.}
        finish pytest_pycollect_makeitem --> None [hook]
        pytest_pycollect_makeitem [hook]
            collector: <Module resources/tests/test_default.py>
            name: @py_builtins
            obj: <module 'builtins' (built-in)>
        finish pytest_pycollect_makeitem --> None [hook]
        pytest_pycollect_makeitem [hook]
            collector: <Module resources/tests/test_default.py>
            name: @pytest_ar
            obj: <module '_pytest.assertion.rewrite' from '/Users/jocastillo/.local/share/virtualenvs/ansible-role-postgresql-0v-jNzYO/lib/python3.7/site-packages/_pytest/assertion/rewrite.py'>
        finish pytest_pycollect_makeitem --> None [hook]
        pytest_pycollect_makeitem [hook]
            collector: <Module resources/tests/test_default.py>
            name: os
            obj: <module 'os' from '/Users/jocastillo/.local/share/virtualenvs/ansible-role-postgresql-0v-jNzYO/lib/python3.7/os.py'>
        finish pytest_pycollect_makeitem --> None [hook]
        pytest_pycollect_makeitem [hook]
            collector: <Module resources/tests/test_default.py>
            name: testinfra
            obj: <module 'testinfra' from '/Users/jocastillo/.local/share/virtualenvs/ansible-role-postgresql-0v-jNzYO/lib/python3.7/site-packages/testinfra/__init__.py'>
        finish pytest_pycollect_makeitem --> None [hook]
        pytest_pycollect_makeitem [hook]
            collector: <Module resources/tests/test_default.py>
            name: testinfra_hosts
            obj: ['instance']
        finish pytest_pycollect_makeitem --> None [hook]
        pytest_pycollect_makeitem [hook]
            collector: <Module resources/tests/test_default.py>
            name: test_postgresql_installed
            obj: <function test_postgresql_installed at 0x10fc58290>
          pytest_generate_tests [hook]
              metafunc: <_pytest.python.Metafunc object at 0x10fc53a50>
          matched marked file 'testinfra.backend.ansible' (from 'testinfra') [assertion]
          find_module called for: testinfra.backend.ansible [assertion]
          rewriting PosixPath('/Users/jocastillo/.local/share/virtualenvs/ansible-role-postgresql-0v-jNzYO/lib/python3.7/site-packages/testinfra/backend/ansible.py') [assertion]
          early skip of rewriting module: encodings.unicode_escape [assertion]
          finish pytest_generate_tests --> [] [hook]
        finish pytest_pycollect_makeitem --> [<Function test_postgresql_installed[ansible://instance]>] [hook]
        pytest_pycollect_makeitem [hook]
            collector: <Module resources/tests/test_default.py>
            name: test_postgres_listening
            obj: <function test_postgres_listening at 0x10fc55e60>
          pytest_generate_tests [hook]
              metafunc: <_pytest.python.Metafunc object at 0x10fc53c90>
          finish pytest_generate_tests --> [] [hook]
        finish pytest_pycollect_makeitem --> [<Function test_postgres_listening[ansible://instance]>] [hook]
        pytest_pycollect_makeitem [hook]
            collector: <Module resources/tests/test_default.py>
            name: test_postgresql_config_exists
            obj: <function test_postgresql_config_exists at 0x10fc55ef0>
          pytest_generate_tests [hook]
              metafunc: <_pytest.python.Metafunc object at 0x10fc74b50>
          finish pytest_generate_tests --> [] [hook]
        finish pytest_pycollect_makeitem --> [<Function test_postgresql_config_exists[ansible://instance]>] [hook]
        pytest_pycollect_makeitem [hook]
            collector: <Module resources/tests/test_default.py>
            name: test_hba_config
            obj: <function test_hba_config at 0x10fc55f80>
          pytest_generate_tests [hook]
              metafunc: <_pytest.python.Metafunc object at 0x10fc67150>
          finish pytest_generate_tests --> [] [hook]
        finish pytest_pycollect_makeitem --> [<Function test_hba_config[ansible://instance]>] [hook]
        pytest_pycollect_makeitem [hook]
            collector: <Module resources/tests/test_default.py>
            name: __repr__
            obj: <slot wrapper '__repr__' of 'module' objects>
        finish pytest_pycollect_makeitem --> None [hook]
        pytest_pycollect_makeitem [hook]
            collector: <Module resources/tests/test_default.py>
            name: __getattribute__
            obj: <slot wrapper '__getattribute__' of 'module' objects>
        finish pytest_pycollect_makeitem --> None [hook]
        pytest_pycollect_makeitem [hook]
            collector: <Module resources/tests/test_default.py>
            name: __setattr__
            obj: <slot wrapper '__setattr__' of 'module' objects>
        finish pytest_pycollect_makeitem --> None [hook]
        pytest_pycollect_makeitem [hook]
            collector: <Module resources/tests/test_default.py>
            name: __delattr__
            obj: <slot wrapper '__delattr__' of 'module' objects>
        finish pytest_pycollect_makeitem --> None [hook]
        pytest_pycollect_makeitem [hook]
            collector: <Module resources/tests/test_default.py>
            name: __init__
            obj: <slot wrapper '__init__' of 'module' objects>
        finish pytest_pycollect_makeitem --> None [hook]
        pytest_pycollect_makeitem [hook]
            collector: <Module resources/tests/test_default.py>
            name: __new__
            obj: <built-in method __new__ of type object at 0x10eb55230>
        finish pytest_pycollect_makeitem --> None [hook]
        pytest_pycollect_makeitem [hook]
            collector: <Module resources/tests/test_default.py>
            name: __dir__
            obj: <method '__dir__' of 'module' objects>
        finish pytest_pycollect_makeitem --> None [hook]
        pytest_pycollect_makeitem [hook]
            collector: <Module resources/tests/test_default.py>
            name: __dict__
            obj: <member '__dict__' of 'module' objects>
        finish pytest_pycollect_makeitem --> None [hook]
        pytest_pycollect_makeitem [hook]
            collector: <Module resources/tests/test_default.py>
            name: __hash__
            obj: <slot wrapper '__hash__' of 'object' objects>
        finish pytest_pycollect_makeitem --> None [hook]
        pytest_pycollect_makeitem [hook]
            collector: <Module resources/tests/test_default.py>
            name: __str__
            obj: <slot wrapper '__str__' of 'object' objects>
        finish pytest_pycollect_makeitem --> None [hook]
        pytest_pycollect_makeitem [hook]
            collector: <Module resources/tests/test_default.py>
            name: __lt__
            obj: <slot wrapper '__lt__' of 'object' objects>
        finish pytest_pycollect_makeitem --> None [hook]
        pytest_pycollect_makeitem [hook]
            collector: <Module resources/tests/test_default.py>
            name: __le__
            obj: <slot wrapper '__le__' of 'object' objects>
        finish pytest_pycollect_makeitem --> None [hook]
        pytest_pycollect_makeitem [hook]
            collector: <Module resources/tests/test_default.py>
            name: __eq__
            obj: <slot wrapper '__eq__' of 'object' objects>
        finish pytest_pycollect_makeitem --> None [hook]
        pytest_pycollect_makeitem [hook]
            collector: <Module resources/tests/test_default.py>
            name: __ne__
            obj: <slot wrapper '__ne__' of 'object' objects>
        finish pytest_pycollect_makeitem --> None [hook]
        pytest_pycollect_makeitem [hook]
            collector: <Module resources/tests/test_default.py>
            name: __gt__
            obj: <slot wrapper '__gt__' of 'object' objects>
        finish pytest_pycollect_makeitem --> None [hook]
        pytest_pycollect_makeitem [hook]
            collector: <Module resources/tests/test_default.py>
            name: __ge__
            obj: <slot wrapper '__ge__' of 'object' objects>
        finish pytest_pycollect_makeitem --> None [hook]
        pytest_pycollect_makeitem [hook]
            collector: <Module resources/tests/test_default.py>
            name: __reduce_ex__
            obj: <method '__reduce_ex__' of 'object' objects>
        finish pytest_pycollect_makeitem --> None [hook]
        pytest_pycollect_makeitem [hook]
            collector: <Module resources/tests/test_default.py>
            name: __reduce__
            obj: <method '__reduce__' of 'object' objects>
        finish pytest_pycollect_makeitem --> None [hook]
        pytest_pycollect_makeitem [hook]
            collector: <Module resources/tests/test_default.py>
            name: __subclasshook__
            obj: <method '__subclasshook__' of 'object' objects>
        finish pytest_pycollect_makeitem --> None [hook]
        pytest_pycollect_makeitem [hook]
            collector: <Module resources/tests/test_default.py>
            name: __init_subclass__
            obj: <method '__init_subclass__' of 'object' objects>
        finish pytest_pycollect_makeitem --> None [hook]
        pytest_pycollect_makeitem [hook]
            collector: <Module resources/tests/test_default.py>
            name: __format__
            obj: <method '__format__' of 'object' objects>
        finish pytest_pycollect_makeitem --> None [hook]
        pytest_pycollect_makeitem [hook]
            collector: <Module resources/tests/test_default.py>
            name: __sizeof__
            obj: <method '__sizeof__' of 'object' objects>
        finish pytest_pycollect_makeitem --> None [hook]
        pytest_pycollect_makeitem [hook]
            collector: <Module resources/tests/test_default.py>
            name: __class__
            obj: <attribute '__class__' of 'object' objects>
        finish pytest_pycollect_makeitem --> None [hook]
      finish pytest_make_collect_report --> <CollectReport 'resources/tests/test_default.py' lenresult=4 outcome='passed'> [hook]
    genitems <Function test_postgresql_installed[ansible://instance]> [collection]
      pytest_itemcollected [hook]
          item: <Function test_postgresql_installed[ansible://instance]>
      finish pytest_itemcollected --> [] [hook]
    genitems <Function test_postgres_listening[ansible://instance]> [collection]
      pytest_itemcollected [hook]
          item: <Function test_postgres_listening[ansible://instance]>
      finish pytest_itemcollected --> [] [hook]
    genitems <Function test_postgresql_config_exists[ansible://instance]> [collection]
      pytest_itemcollected [hook]
          item: <Function test_postgresql_config_exists[ansible://instance]>
      finish pytest_itemcollected --> [] [hook]
    genitems <Function test_hba_config[ansible://instance]> [collection]
      pytest_itemcollected [hook]
          item: <Function test_hba_config[ansible://instance]>
      finish pytest_itemcollected --> [] [hook]
      pytest_collectreport [hook]
          report: <CollectReport 'resources/tests/test_default.py' lenresult=4 outcome='passed'>
      finish pytest_collectreport --> [] [hook]
      pytest_collection_modifyitems [hook]
          session: <Session molecule exitstatus=<ExitCode.OK: 0> testsfailed=0 testscollected=0>
          config: <_pytest.config.Config object at 0x10f898610>
          items: [<Function test_postgresql_installed[ansible://instance]>, <Function test_postgres_listening[ansible://instance]>, <Function test_postgresql_config_exists[ansible://instance]>, <Function test_hba_config[ansible://instance]>]
      finish pytest_collection_modifyitems --> [] [hook]
      pytest_collection_finish [hook]
          session: <Session molecule exitstatus=<ExitCode.OK: 0> testsfailed=0 testscollected=0>
        pytest_report_collectionfinish [hook]
            config: <_pytest.config.Config object at 0x10f898610>
            startdir: /Users/jocastillo/Documents/development/ansible/ansible-role-postgresql/molecule/default
            items: [<Function test_postgresql_installed[ansible://instance]>, <Function test_postgres_listening[ansible://instance]>, <Function test_postgresql_config_exists[ansible://instance]>, <Function test_hba_config[ansible://instance]>]
        finish pytest_report_collectionfinish --> [] [hook]
      finish pytest_collection_finish --> [] [hook]
    finish pytest_collection --> [<Function test_postgresql_installed[ansible://instance]>, <Function test_postgres_listening[ansible://instance]>, <Function test_postgresql_config_exists[ansible://instance]>, <Function test_hba_config[ansible://instance]>] [hook]
    pytest_runtestloop [hook]
        session: <Session molecule exitstatus=<ExitCode.OK: 0> testsfailed=0 testscollected=4>
      pytest_runtest_protocol [hook]
          item: <Function test_postgresql_installed[ansible://instance]>
          nextitem: <Function test_postgres_listening[ansible://instance]>
        pytest_runtest_logstart [hook]
            nodeid: resources/tests/test_default.py::test_postgresql_installed[ansible://instance]
            location: ('resources/tests/test_default.py', 9, 'test_postgresql_installed[ansible://instance]')
        finish pytest_runtest_logstart --> [] [hook]
        pytest_runtest_setup [hook]
            item: <Function test_postgresql_installed[ansible://instance]>
          pytest_fixture_setup [hook]
              fixturedef: <FixtureDef argname='_testinfra_host' scope='module' baseid=''>
              request: <SubRequest '_testinfra_host' for <Function test_postgresql_installed[ansible://instance]>>
          finish pytest_fixture_setup --> <testinfra.host.Host object at 0x10fc744d0> [hook]
          pytest_fixture_setup [hook]
              fixturedef: <FixtureDef argname='host' scope='module' baseid=''>
              request: <SubRequest 'host' for <Function test_postgresql_installed[ansible://instance]>>
          finish pytest_fixture_setup --> <testinfra.host.Host object at 0x10fc744d0> [hook]
        finish pytest_runtest_setup --> [] [hook]
        pytest_runtest_makereport [hook]
            item: <Function test_postgresql_installed[ansible://instance]>
            call: <CallInfo when='setup' result: []>
        finish pytest_runtest_makereport --> <TestReport 'resources/tests/test_default.py::test_postgresql_installed[ansible://instance]' when='setup' outcome='passed'> [hook]
        pytest_runtest_logreport [hook]
            report: <TestReport 'resources/tests/test_default.py::test_postgresql_installed[ansible://instance]' when='setup' outcome='passed'>
          pytest_report_teststatus [hook]
              report: <TestReport 'resources/tests/test_default.py::test_postgresql_installed[ansible://instance]' when='setup' outcome='passed'>
              config: <_pytest.config.Config object at 0x10f898610>
          finish pytest_report_teststatus --> ('', '', '') [hook]
        finish pytest_runtest_logreport --> [] [hook]
        pytest_runtest_call [hook]
            item: <Function test_postgresql_installed[ansible://instance]>
          pytest_pyfunc_call [hook]
              pyfuncitem: <Function test_postgresql_installed[ansible://instance]>
          matched marked file 'testinfra.modules.package' (from 'testinfra') [assertion]
          find_module called for: testinfra.modules.package [assertion]
          rewriting PosixPath('/Users/jocastillo/.local/share/virtualenvs/ansible-role-postgresql-0v-jNzYO/lib/python3.7/site-packages/testinfra/modules/package.py') [assertion]
          matched marked file 'testinfra.modules.base' (from 'testinfra') [assertion]
          find_module called for: testinfra.modules.base [assertion]
          rewriting PosixPath('/Users/jocastillo/.local/share/virtualenvs/ansible-role-postgresql-0v-jNzYO/lib/python3.7/site-packages/testinfra/modules/base.py') [assertion]
          matched marked file 'testinfra.modules.systeminfo' (from 'testinfra') [assertion]
          find_module called for: testinfra.modules.systeminfo [assertion]
          rewriting PosixPath('/Users/jocastillo/.local/share/virtualenvs/ansible-role-postgresql-0v-jNzYO/lib/python3.7/site-packages/testinfra/modules/systeminfo.py') [assertion]
          matched marked file 'testinfra.backend.ssh' (from 'testinfra') [assertion]
          find_module called for: testinfra.backend.ssh [assertion]
          rewriting PosixPath('/Users/jocastillo/.local/share/virtualenvs/ansible-role-postgresql-0v-jNzYO/lib/python3.7/site-packages/testinfra/backend/ssh.py') [assertion]
        pytest_runtest_makereport [hook]
            item: <Function test_postgresql_installed[ansible://instance]>
            call: <CallInfo when='call' excinfo=<ExceptionInfo AssertionError('assert False\n +  where False = <package rh-postgresql96>.is_installed') tblen=26>>
        finish pytest_runtest_makereport --> <TestReport 'resources/tests/test_default.py::test_postgresql_installed[ansible://instance]' when='call' outcome='failed'> [hook]
        pytest_runtest_logreport [hook]
            report: <TestReport 'resources/tests/test_default.py::test_postgresql_installed[ansible://instance]' when='call' outcome='failed'>
          pytest_report_teststatus [hook]
              report: <TestReport 'resources/tests/test_default.py::test_postgresql_installed[ansible://instance]' when='call' outcome='failed'>
              config: <_pytest.config.Config object at 0x10f898610>
          finish pytest_report_teststatus --> ('failed', 'F', 'FAILED') [hook]
        finish pytest_runtest_logreport --> [] [hook]
        pytest_exception_interact [hook]
            node: <Function test_postgresql_installed[ansible://instance]>
            call: <CallInfo when='call' excinfo=<ExceptionInfo AssertionError('assert False\n +  where False = <package rh-postgresql96>.is_installed') tblen=1>>
            report: <TestReport 'resources/tests/test_default.py::test_postgresql_installed[ansible://instance]' when='call' outcome='failed'>
        finish pytest_exception_interact --> [] [hook]
        pytest_runtest_teardown [hook]
            item: <Function test_postgresql_installed[ansible://instance]>
            nextitem: <Function test_postgres_listening[ansible://instance]>
        finish pytest_runtest_teardown --> [] [hook]
        pytest_runtest_makereport [hook]
            item: <Function test_postgresql_installed[ansible://instance]>
            call: <CallInfo when='teardown' result: []>
        finish pytest_runtest_makereport --> <TestReport 'resources/tests/test_default.py::test_postgresql_installed[ansible://instance]' when='teardown' outcome='passed'> [hook]
        pytest_runtest_logreport [hook]
            report: <TestReport 'resources/tests/test_default.py::test_postgresql_installed[ansible://instance]' when='teardown' outcome='passed'>
          pytest_report_teststatus [hook]
              report: <TestReport 'resources/tests/test_default.py::test_postgresql_installed[ansible://instance]' when='teardown' outcome='passed'>
              config: <_pytest.config.Config object at 0x10f898610>
          finish pytest_report_teststatus --> ('', '', '') [hook]
        finish pytest_runtest_logreport --> [] [hook]
        pytest_runtest_logfinish [hook]
            nodeid: resources/tests/test_default.py::test_postgresql_installed[ansible://instance]
            location: ('resources/tests/test_default.py', 9, 'test_postgresql_installed[ansible://instance]')
        finish pytest_runtest_logfinish --> [] [hook]
      finish pytest_runtest_protocol --> True [hook]
      pytest_runtest_protocol [hook]
          item: <Function test_postgres_listening[ansible://instance]>
          nextitem: <Function test_postgresql_config_exists[ansible://instance]>
        pytest_runtest_logstart [hook]
            nodeid: resources/tests/test_default.py::test_postgres_listening[ansible://instance]
            location: ('resources/tests/test_default.py', 15, 'test_postgres_listening[ansible://instance]')
        finish pytest_runtest_logstart --> [] [hook]
        pytest_runtest_setup [hook]
            item: <Function test_postgres_listening[ansible://instance]>
        finish pytest_runtest_setup --> [] [hook]
        pytest_runtest_makereport [hook]
            item: <Function test_postgres_listening[ansible://instance]>
            call: <CallInfo when='setup' result: []>
        finish pytest_runtest_makereport --> <TestReport 'resources/tests/test_default.py::test_postgres_listening[ansible://instance]' when='setup' outcome='passed'> [hook]
        pytest_runtest_logreport [hook]
            report: <TestReport 'resources/tests/test_default.py::test_postgres_listening[ansible://instance]' when='setup' outcome='passed'>
          pytest_report_teststatus [hook]
              report: <TestReport 'resources/tests/test_default.py::test_postgres_listening[ansible://instance]' when='setup' outcome='passed'>
              config: <_pytest.config.Config object at 0x10f898610>
          finish pytest_report_teststatus --> ('', '', '') [hook]
        finish pytest_runtest_logreport --> [] [hook]
        pytest_runtest_call [hook]
            item: <Function test_postgres_listening[ansible://instance]>
          pytest_pyfunc_call [hook]
              pyfuncitem: <Function test_postgres_listening[ansible://instance]>
          matched marked file 'testinfra.modules.socket' (from 'testinfra') [assertion]
          find_module called for: testinfra.modules.socket [assertion]
          rewriting PosixPath('/Users/jocastillo/.local/share/virtualenvs/ansible-role-postgresql-0v-jNzYO/lib/python3.7/site-packages/testinfra/modules/socket.py') [assertion]
        pytest_runtest_makereport [hook]
            item: <Function test_postgres_listening[ansible://instance]>
            call: <CallInfo when='call' excinfo=<ExceptionInfo AssertionError('assert False\n +  where False = <socket tcp://0.0.0.0:5432>.is_listening') tblen=26>>
        finish pytest_runtest_makereport --> <TestReport 'resources/tests/test_default.py::test_postgres_listening[ansible://instance]' when='call' outcome='failed'> [hook]
        pytest_runtest_logreport [hook]
            report: <TestReport 'resources/tests/test_default.py::test_postgres_listening[ansible://instance]' when='call' outcome='failed'>
          pytest_report_teststatus [hook]
              report: <TestReport 'resources/tests/test_default.py::test_postgres_listening[ansible://instance]' when='call' outcome='failed'>
              config: <_pytest.config.Config object at 0x10f898610>
          finish pytest_report_teststatus --> ('failed', 'F', 'FAILED') [hook]
        finish pytest_runtest_logreport --> [] [hook]
        pytest_exception_interact [hook]
            node: <Function test_postgres_listening[ansible://instance]>
            call: <CallInfo when='call' excinfo=<ExceptionInfo AssertionError('assert False\n +  where False = <socket tcp://0.0.0.0:5432>.is_listening') tblen=1>>
            report: <TestReport 'resources/tests/test_default.py::test_postgres_listening[ansible://instance]' when='call' outcome='failed'>
        finish pytest_exception_interact --> [] [hook]
        pytest_runtest_teardown [hook]
            item: <Function test_postgres_listening[ansible://instance]>
            nextitem: <Function test_postgresql_config_exists[ansible://instance]>
        finish pytest_runtest_teardown --> [] [hook]
        pytest_runtest_makereport [hook]
            item: <Function test_postgres_listening[ansible://instance]>
            call: <CallInfo when='teardown' result: []>
        finish pytest_runtest_makereport --> <TestReport 'resources/tests/test_default.py::test_postgres_listening[ansible://instance]' when='teardown' outcome='passed'> [hook]
        pytest_runtest_logreport [hook]
            report: <TestReport 'resources/tests/test_default.py::test_postgres_listening[ansible://instance]' when='teardown' outcome='passed'>
          pytest_report_teststatus [hook]
              report: <TestReport 'resources/tests/test_default.py::test_postgres_listening[ansible://instance]' when='teardown' outcome='passed'>
              config: <_pytest.config.Config object at 0x10f898610>
          finish pytest_report_teststatus --> ('', '', '') [hook]
        finish pytest_runtest_logreport --> [] [hook]
        pytest_runtest_logfinish [hook]
            nodeid: resources/tests/test_default.py::test_postgres_listening[ansible://instance]
            location: ('resources/tests/test_default.py', 15, 'test_postgres_listening[ansible://instance]')
        finish pytest_runtest_logfinish --> [] [hook]
      finish pytest_runtest_protocol --> True [hook]
      pytest_runtest_protocol [hook]
          item: <Function test_postgresql_config_exists[ansible://instance]>
          nextitem: <Function test_hba_config[ansible://instance]>
        pytest_runtest_logstart [hook]
            nodeid: resources/tests/test_default.py::test_postgresql_config_exists[ansible://instance]
            location: ('resources/tests/test_default.py', 21, 'test_postgresql_config_exists[ansible://instance]')
        finish pytest_runtest_logstart --> [] [hook]
        pytest_runtest_setup [hook]
            item: <Function test_postgresql_config_exists[ansible://instance]>
        finish pytest_runtest_setup --> [] [hook]
        pytest_runtest_makereport [hook]
            item: <Function test_postgresql_config_exists[ansible://instance]>
            call: <CallInfo when='setup' result: []>
        finish pytest_runtest_makereport --> <TestReport 'resources/tests/test_default.py::test_postgresql_config_exists[ansible://instance]' when='setup' outcome='passed'> [hook]
        pytest_runtest_logreport [hook]
            report: <TestReport 'resources/tests/test_default.py::test_postgresql_config_exists[ansible://instance]' when='setup' outcome='passed'>
          pytest_report_teststatus [hook]
              report: <TestReport 'resources/tests/test_default.py::test_postgresql_config_exists[ansible://instance]' when='setup' outcome='passed'>
              config: <_pytest.config.Config object at 0x10f898610>
          finish pytest_report_teststatus --> ('', '', '') [hook]
        finish pytest_runtest_logreport --> [] [hook]
        pytest_runtest_call [hook]
            item: <Function test_postgresql_config_exists[ansible://instance]>
          pytest_pyfunc_call [hook]
              pyfuncitem: <Function test_postgresql_config_exists[ansible://instance]>
          matched marked file 'testinfra.modules.file' (from 'testinfra') [assertion]
          find_module called for: testinfra.modules.file [assertion]
          rewriting PosixPath('/Users/jocastillo/.local/share/virtualenvs/ansible-role-postgresql-0v-jNzYO/lib/python3.7/site-packages/testinfra/modules/file.py') [assertion]
        pytest_runtest_makereport [hook]
            item: <Function test_postgresql_config_exists[ansible://instance]>
            call: <CallInfo when='call' excinfo=<ExceptionInfo AssertionError('assert False\n +  where False = <file /var/opt/rh/rh-postgresql96/lib/pgsql/data/postgresql.conf>.exists') tblen=26>>
        finish pytest_runtest_makereport --> <TestReport 'resources/tests/test_default.py::test_postgresql_config_exists[ansible://instance]' when='call' outcome='failed'> [hook]
        pytest_runtest_logreport [hook]
            report: <TestReport 'resources/tests/test_default.py::test_postgresql_config_exists[ansible://instance]' when='call' outcome='failed'>
          pytest_report_teststatus [hook]
              report: <TestReport 'resources/tests/test_default.py::test_postgresql_config_exists[ansible://instance]' when='call' outcome='failed'>
              config: <_pytest.config.Config object at 0x10f898610>
          finish pytest_report_teststatus --> ('failed', 'F', 'FAILED') [hook]
        finish pytest_runtest_logreport --> [] [hook]
        pytest_exception_interact [hook]
            node: <Function test_postgresql_config_exists[ansible://instance]>
            call: <CallInfo when='call' excinfo=<ExceptionInfo AssertionError('assert False\n +  where False = <file /var/opt/rh/rh-postgresql96/lib/pgsql/data/postgresql.conf>.exists') tblen=1>>
            report: <TestReport 'resources/tests/test_default.py::test_postgresql_config_exists[ansible://instance]' when='call' outcome='failed'>
        finish pytest_exception_interact --> [] [hook]
        pytest_runtest_teardown [hook]
            item: <Function test_postgresql_config_exists[ansible://instance]>
            nextitem: <Function test_hba_config[ansible://instance]>
        finish pytest_runtest_teardown --> [] [hook]
        pytest_runtest_makereport [hook]
            item: <Function test_postgresql_config_exists[ansible://instance]>
            call: <CallInfo when='teardown' result: []>
        finish pytest_runtest_makereport --> <TestReport 'resources/tests/test_default.py::test_postgresql_config_exists[ansible://instance]' when='teardown' outcome='passed'> [hook]
        pytest_runtest_logreport [hook]
            report: <TestReport 'resources/tests/test_default.py::test_postgresql_config_exists[ansible://instance]' when='teardown' outcome='passed'>
          pytest_report_teststatus [hook]
              report: <TestReport 'resources/tests/test_default.py::test_postgresql_config_exists[ansible://instance]' when='teardown' outcome='passed'>
              config: <_pytest.config.Config object at 0x10f898610>
          finish pytest_report_teststatus --> ('', '', '') [hook]
        finish pytest_runtest_logreport --> [] [hook]
        pytest_runtest_logfinish [hook]
            nodeid: resources/tests/test_default.py::test_postgresql_config_exists[ansible://instance]
            location: ('resources/tests/test_default.py', 21, 'test_postgresql_config_exists[ansible://instance]')
        finish pytest_runtest_logfinish --> [] [hook]
      finish pytest_runtest_protocol --> True [hook]
      pytest_runtest_protocol [hook]
          item: <Function test_hba_config[ansible://instance]>
          nextitem: None
        pytest_runtest_logstart [hook]
            nodeid: resources/tests/test_default.py::test_hba_config[ansible://instance]
            location: ('resources/tests/test_default.py', 32, 'test_hba_config[ansible://instance]')
        finish pytest_runtest_logstart --> [] [hook]
        pytest_runtest_setup [hook]
            item: <Function test_hba_config[ansible://instance]>
        finish pytest_runtest_setup --> [] [hook]
        pytest_runtest_makereport [hook]
            item: <Function test_hba_config[ansible://instance]>
            call: <CallInfo when='setup' result: []>
        finish pytest_runtest_makereport --> <TestReport 'resources/tests/test_default.py::test_hba_config[ansible://instance]' when='setup' outcome='passed'> [hook]
        pytest_runtest_logreport [hook]
            report: <TestReport 'resources/tests/test_default.py::test_hba_config[ansible://instance]' when='setup' outcome='passed'>
          pytest_report_teststatus [hook]
              report: <TestReport 'resources/tests/test_default.py::test_hba_config[ansible://instance]' when='setup' outcome='passed'>
              config: <_pytest.config.Config object at 0x10f898610>
          finish pytest_report_teststatus --> ('', '', '') [hook]
        finish pytest_runtest_logreport --> [] [hook]
        pytest_runtest_call [hook]
            item: <Function test_hba_config[ansible://instance]>
          pytest_pyfunc_call [hook]
              pyfuncitem: <Function test_hba_config[ansible://instance]>
        pytest_runtest_makereport [hook]
            item: <Function test_hba_config[ansible://instance]>
            call: <CallInfo when='call' excinfo=<ExceptionInfo AssertionError('assert False\n +  where False = <file /var/opt/rh/rh-postgresql96/lib/pgsql/data/pg_hba.conf>.exists') tblen=26>>
        finish pytest_runtest_makereport --> <TestReport 'resources/tests/test_default.py::test_hba_config[ansible://instance]' when='call' outcome='failed'> [hook]
        pytest_runtest_logreport [hook]
            report: <TestReport 'resources/tests/test_default.py::test_hba_config[ansible://instance]' when='call' outcome='failed'>
          pytest_report_teststatus [hook]
              report: <TestReport 'resources/tests/test_default.py::test_hba_config[ansible://instance]' when='call' outcome='failed'>
              config: <_pytest.config.Config object at 0x10f898610>
          finish pytest_report_teststatus --> ('failed', 'F', 'FAILED') [hook]
        finish pytest_runtest_logreport --> [] [hook]
        pytest_exception_interact [hook]
            node: <Function test_hba_config[ansible://instance]>
            call: <CallInfo when='call' excinfo=<ExceptionInfo AssertionError('assert False\n +  where False = <file /var/opt/rh/rh-postgresql96/lib/pgsql/data/pg_hba.conf>.exists') tblen=1>>
            report: <TestReport 'resources/tests/test_default.py::test_hba_config[ansible://instance]' when='call' outcome='failed'>
        finish pytest_exception_interact --> [] [hook]
        pytest_runtest_teardown [hook]
            item: <Function test_hba_config[ansible://instance]>
            nextitem: None
          pytest_fixture_post_finalizer [hook]
              fixturedef: <FixtureDef argname='host' scope='module' baseid=''>
              request: <SubRequest 'host' for <Function test_hba_config[ansible://instance]>>
          finish pytest_fixture_post_finalizer --> [] [hook]
          pytest_fixture_post_finalizer [hook]
              fixturedef: <FixtureDef argname='host' scope='module' baseid=''>
              request: <SubRequest 'host' for <Function test_hba_config[ansible://instance]>>
          finish pytest_fixture_post_finalizer --> [] [hook]
          pytest_fixture_post_finalizer [hook]
              fixturedef: <FixtureDef argname='host' scope='module' baseid=''>
              request: <SubRequest 'host' for <Function test_postgresql_config_exists[ansible://instance]>>
          finish pytest_fixture_post_finalizer --> [] [hook]
          pytest_fixture_post_finalizer [hook]
              fixturedef: <FixtureDef argname='host' scope='module' baseid=''>
              request: <SubRequest 'host' for <Function test_postgres_listening[ansible://instance]>>
          finish pytest_fixture_post_finalizer --> [] [hook]
          pytest_fixture_post_finalizer [hook]
              fixturedef: <FixtureDef argname='host' scope='module' baseid=''>
              request: <SubRequest 'host' for <Function test_postgresql_installed[ansible://instance]>>
          finish pytest_fixture_post_finalizer --> [] [hook]
          pytest_fixture_post_finalizer [hook]
              fixturedef: <FixtureDef argname='_testinfra_host' scope='module' baseid=''>
              request: <SubRequest '_testinfra_host' for <Function test_hba_config[ansible://instance]>>
          finish pytest_fixture_post_finalizer --> [] [hook]
          pytest_fixture_post_finalizer [hook]
              fixturedef: <FixtureDef argname='host' scope='module' baseid=''>
              request: <SubRequest 'host' for <Function test_postgresql_config_exists[ansible://instance]>>
          finish pytest_fixture_post_finalizer --> [] [hook]
          pytest_fixture_post_finalizer [hook]
              fixturedef: <FixtureDef argname='_testinfra_host' scope='module' baseid=''>
              request: <SubRequest '_testinfra_host' for <Function test_postgresql_config_exists[ansible://instance]>>
          finish pytest_fixture_post_finalizer --> [] [hook]
          pytest_fixture_post_finalizer [hook]
              fixturedef: <FixtureDef argname='host' scope='module' baseid=''>
              request: <SubRequest 'host' for <Function test_postgres_listening[ansible://instance]>>
          finish pytest_fixture_post_finalizer --> [] [hook]
          pytest_fixture_post_finalizer [hook]
              fixturedef: <FixtureDef argname='_testinfra_host' scope='module' baseid=''>
              request: <SubRequest '_testinfra_host' for <Function test_postgres_listening[ansible://instance]>>
          finish pytest_fixture_post_finalizer --> [] [hook]
          pytest_fixture_post_finalizer [hook]
              fixturedef: <FixtureDef argname='host' scope='module' baseid=''>
              request: <SubRequest 'host' for <Function test_postgresql_installed[ansible://instance]>>
          finish pytest_fixture_post_finalizer --> [] [hook]
          pytest_fixture_post_finalizer [hook]
              fixturedef: <FixtureDef argname='_testinfra_host' scope='module' baseid=''>
              request: <SubRequest '_testinfra_host' for <Function test_postgresql_installed[ansible://instance]>>
          finish pytest_fixture_post_finalizer --> [] [hook]
        finish pytest_runtest_teardown --> [] [hook]
        pytest_runtest_makereport [hook]
            item: <Function test_hba_config[ansible://instance]>
            call: <CallInfo when='teardown' result: []>
        finish pytest_runtest_makereport --> <TestReport 'resources/tests/test_default.py::test_hba_config[ansible://instance]' when='teardown' outcome='passed'> [hook]
        pytest_runtest_logreport [hook]
            report: <TestReport 'resources/tests/test_default.py::test_hba_config[ansible://instance]' when='teardown' outcome='passed'>
          pytest_report_teststatus [hook]
              report: <TestReport 'resources/tests/test_default.py::test_hba_config[ansible://instance]' when='teardown' outcome='passed'>
              config: <_pytest.config.Config object at 0x10f898610>
          finish pytest_report_teststatus --> ('', '', '') [hook]
        finish pytest_runtest_logreport --> [] [hook]
        pytest_runtest_logfinish [hook]
            nodeid: resources/tests/test_default.py::test_hba_config[ansible://instance]
            location: ('resources/tests/test_default.py', 32, 'test_hba_config[ansible://instance]')
        finish pytest_runtest_logfinish --> [] [hook]
      finish pytest_runtest_protocol --> True [hook]
    finish pytest_runtestloop --> True [hook]
    pytest_sessionfinish [hook]
        session: <Session molecule exitstatus=<ExitCode.TESTS_FAILED: 1> testsfailed=4 testscollected=4>
        exitstatus: ExitCode.TESTS_FAILED
      pytest_terminal_summary [hook]
          terminalreporter: <_pytest.terminal.TerminalReporter object at 0x10fbd42d0>
          exitstatus: ExitCode.TESTS_FAILED
          config: <_pytest.config.Config object at 0x10f898610>
      finish pytest_terminal_summary --> [] [hook]
    finish pytest_sessionfinish --> [] [hook]
    pytest_unconfigure [hook]
        config: <_pytest.config.Config object at 0x10f898610>
    finish pytest_unconfigure --> [] [hook]
